<?xml version="1.0" encoding="UTF-8"?>
<testng-results skipped="0" failed="0" ignored="0" total="1" passed="1">
  <reporter-output>
  </reporter-output>
  <suite name="Default suite" duration-ms="43668" started-at="2020-09-29T06:44:29Z" finished-at="2020-09-29T06:45:13Z">
    <groups>
    </groups>
    <test name="Default test" duration-ms="43668" started-at="2020-09-29T06:44:29Z" finished-at="2020-09-29T06:45:13Z">
      <class name="practice.Assignment4">
        <test-method status="PASS" signature="main()[pri:0, instance:practice.Assignment4@3abbfa04]" name="main" duration-ms="43617" started-at="2020-09-29T06:44:29Z" finished-at="2020-09-29T06:45:13Z">
          <reporter-output>
          </reporter-output>
        </test-method> <!-- main -->
      </class> <!-- practice.Assignment4 -->
    </test> <!-- Default test -->
  </suite> <!-- Default suite -->
</testng-results>
